This file contains any messages produced by compilers while
running configure, to aid debugging if configure makes a mistake.

It was created by unimrcp configure 1.5.0, which was
generated by GNU Autoconf 2.69.  Invocation command line was

  $ ./configure 

## --------- ##
## Platform. ##
## --------- ##

hostname = host-00-14.wgq.higgs.com
uname -m = x86_64
uname -r = 4.4.0-62-generic
uname -s = Linux
uname -v = #83-Ubuntu SMP Wed Jan 18 14:10:15 UTC 2017

/usr/bin/uname -p = unknown
/bin/uname -X     = unknown

/bin/arch              = unknown
/usr/bin/arch -k       = unknown
/usr/convex/getsysinfo = unknown
/usr/bin/hostinfo      = unknown
/bin/machine           = unknown
/usr/bin/oslevel       = unknown
/bin/universe          = unknown

PATH: /usr/local/sbin
PATH: /usr/local/bin
PATH: /usr/sbin
PATH: /usr/bin
PATH: /sbin
PATH: /bin
PATH: /snap/bin


## ----------- ##
## Core tests. ##
## ----------- ##

configure:4108: checking for chosen layout
configure:4110: result: classic
configure:4318: checking for a BSD-compatible install
configure:4386: result: /usr/bin/install -c
configure:4397: checking whether build environment is sane
configure:4452: result: yes
configure:4603: checking for a thread-safe mkdir -p
configure:4642: result: /bin/mkdir -p
configure:4649: checking for gawk
configure:4665: found /usr/bin/gawk
configure:4676: result: gawk
configure:4687: checking whether make sets $(MAKE)
configure:4709: result: yes
configure:4738: checking whether make supports nested variables
configure:4755: result: yes
configure:4884: checking whether make supports nested variables
configure:4901: result: yes
configure:4968: checking for gcc
configure:4984: found /usr/bin/gcc
configure:4995: result: gcc
configure:5224: checking for C compiler version
configure:5233: gcc --version >&5
gcc (Ubuntu 5.4.0-6ubuntu1~16.04.10) 5.4.0 20160609
Copyright (C) 2015 Free Software Foundation, Inc.
This is free software; see the source for copying conditions.  There is NO
warranty; not even for MERCHANTABILITY or FITNESS FOR A PARTICULAR PURPOSE.

configure:5244: $? = 0
configure:5233: gcc -v >&5
Using built-in specs.
COLLECT_GCC=gcc
COLLECT_LTO_WRAPPER=/usr/lib/gcc/x86_64-linux-gnu/5/lto-wrapper
Target: x86_64-linux-gnu
Configured with: ../src/configure -v --with-pkgversion='Ubuntu 5.4.0-6ubuntu1~16.04.10' --with-bugurl=file:///usr/share/doc/gcc-5/README.Bugs --enable-languages=c,ada,c++,java,go,d,fortran,objc,obj-c++ --prefix=/usr --program-suffix=-5 --enable-shared --enable-linker-build-id --libexecdir=/usr/lib --without-included-gettext --enable-threads=posix --libdir=/usr/lib --enable-nls --with-sysroot=/ --enable-clocale=gnu --enable-libstdcxx-debug --enable-libstdcxx-time=yes --with-default-libstdcxx-abi=new --enable-gnu-unique-object --disable-vtable-verify --enable-libmpx --enable-plugin --with-system-zlib --disable-browser-plugin --enable-java-awt=gtk --enable-gtk-cairo --with-java-home=/usr/lib/jvm/java-1.5.0-gcj-5-amd64/jre --enable-java-home --with-jvm-root-dir=/usr/lib/jvm/java-1.5.0-gcj-5-amd64 --with-jvm-jar-dir=/usr/lib/jvm-exports/java-1.5.0-gcj-5-amd64 --with-arch-directory=amd64 --with-ecj-jar=/usr/share/java/eclipse-ecj.jar --enable-objc-gc --enable-multiarch --disable-werror --with-arch-32=i686 --with-abi=m64 --with-multilib-list=m32,m64,mx32 --enable-multilib --with-tune=generic --enable-checking=release --build=x86_64-linux-gnu --host=x86_64-linux-gnu --target=x86_64-linux-gnu
Thread model: posix
gcc version 5.4.0 20160609 (Ubuntu 5.4.0-6ubuntu1~16.04.10) 
configure:5244: $? = 0
configure:5233: gcc -V >&5
gcc: error: unrecognized command line option '-V'
gcc: fatal error: no input files
compilation terminated.
configure:5244: $? = 1
configure:5233: gcc -qversion >&5
gcc: error: unrecognized command line option '-qversion'
gcc: fatal error: no input files
compilation terminated.
configure:5244: $? = 1
configure:5264: checking whether the C compiler works
configure:5286: gcc    conftest.c  >&5
configure:5290: $? = 0
configure:5338: result: yes
configure:5341: checking for C compiler default output file name
configure:5343: result: a.out
configure:5349: checking for suffix of executables
configure:5356: gcc -o conftest    conftest.c  >&5
configure:5360: $? = 0
configure:5382: result: 
configure:5404: checking whether we are cross compiling
configure:5412: gcc -o conftest    conftest.c  >&5
configure:5416: $? = 0
configure:5423: ./conftest
configure:5427: $? = 0
configure:5442: result: no
configure:5447: checking for suffix of object files
configure:5469: gcc -c   conftest.c >&5
configure:5473: $? = 0
configure:5494: result: o
configure:5498: checking whether we are using the GNU C compiler
configure:5517: gcc -c   conftest.c >&5
configure:5517: $? = 0
configure:5526: result: yes
configure:5535: checking whether gcc accepts -g
configure:5555: gcc -c -g  conftest.c >&5
configure:5555: $? = 0
configure:5596: result: yes
configure:5613: checking for gcc option to accept ISO C89
configure:5676: gcc  -c -g -O2  conftest.c >&5
configure:5676: $? = 0
configure:5689: result: none needed
configure:5714: checking whether gcc understands -c and -o together
configure:5736: gcc -c conftest.c -o conftest2.o
configure:5739: $? = 0
configure:5736: gcc -c conftest.c -o conftest2.o
configure:5739: $? = 0
configure:5751: result: yes
configure:5779: checking for style of include used by make
configure:5807: result: GNU
configure:5833: checking dependency style of gcc
configure:5944: result: gcc3
configure:6017: checking for g++
configure:6033: found /usr/bin/g++
configure:6044: result: g++
configure:6071: checking for C++ compiler version
configure:6080: g++ --version >&5
g++ (Ubuntu 5.4.0-6ubuntu1~16.04.10) 5.4.0 20160609
Copyright (C) 2015 Free Software Foundation, Inc.
This is free software; see the source for copying conditions.  There is NO
warranty; not even for MERCHANTABILITY or FITNESS FOR A PARTICULAR PURPOSE.

configure:6091: $? = 0
configure:6080: g++ -v >&5
Using built-in specs.
COLLECT_GCC=g++
COLLECT_LTO_WRAPPER=/usr/lib/gcc/x86_64-linux-gnu/5/lto-wrapper
Target: x86_64-linux-gnu
Configured with: ../src/configure -v --with-pkgversion='Ubuntu 5.4.0-6ubuntu1~16.04.10' --with-bugurl=file:///usr/share/doc/gcc-5/README.Bugs --enable-languages=c,ada,c++,java,go,d,fortran,objc,obj-c++ --prefix=/usr --program-suffix=-5 --enable-shared --enable-linker-build-id --libexecdir=/usr/lib --without-included-gettext --enable-threads=posix --libdir=/usr/lib --enable-nls --with-sysroot=/ --enable-clocale=gnu --enable-libstdcxx-debug --enable-libstdcxx-time=yes --with-default-libstdcxx-abi=new --enable-gnu-unique-object --disable-vtable-verify --enable-libmpx --enable-plugin --with-system-zlib --disable-browser-plugin --enable-java-awt=gtk --enable-gtk-cairo --with-java-home=/usr/lib/jvm/java-1.5.0-gcj-5-amd64/jre --enable-java-home --with-jvm-root-dir=/usr/lib/jvm/java-1.5.0-gcj-5-amd64 --with-jvm-jar-dir=/usr/lib/jvm-exports/java-1.5.0-gcj-5-amd64 --with-arch-directory=amd64 --with-ecj-jar=/usr/share/java/eclipse-ecj.jar --enable-objc-gc --enable-multiarch --disable-werror --with-arch-32=i686 --with-abi=m64 --with-multilib-list=m32,m64,mx32 --enable-multilib --with-tune=generic --enable-checking=release --build=x86_64-linux-gnu --host=x86_64-linux-gnu --target=x86_64-linux-gnu
Thread model: posix
gcc version 5.4.0 20160609 (Ubuntu 5.4.0-6ubuntu1~16.04.10) 
configure:6091: $? = 0
configure:6080: g++ -V >&5
g++: error: unrecognized command line option '-V'
g++: fatal error: no input files
compilation terminated.
configure:6091: $? = 1
configure:6080: g++ -qversion >&5
g++: error: unrecognized command line option '-qversion'
g++: fatal error: no input files
compilation terminated.
configure:6091: $? = 1
configure:6095: checking whether we are using the GNU C++ compiler
configure:6114: g++ -c   conftest.cpp >&5
configure:6114: $? = 0
configure:6123: result: yes
configure:6132: checking whether g++ accepts -g
configure:6152: g++ -c -g  conftest.cpp >&5
configure:6152: $? = 0
configure:6193: result: yes
configure:6218: checking dependency style of g++
configure:6329: result: gcc3
configure:6378: checking build system type
configure:6392: result: x86_64-unknown-linux-gnu
configure:6412: checking host system type
configure:6425: result: x86_64-unknown-linux-gnu
configure:6466: checking how to print strings
configure:6493: result: printf
configure:6514: checking for a sed that does not truncate output
configure:6578: result: /bin/sed
configure:6596: checking for grep that handles long lines and -e
configure:6654: result: /bin/grep
configure:6659: checking for egrep
configure:6721: result: /bin/grep -E
configure:6726: checking for fgrep
configure:6788: result: /bin/grep -F
configure:6823: checking for ld used by gcc
configure:6890: result: /usr/bin/ld
configure:6897: checking if the linker (/usr/bin/ld) is GNU ld
configure:6912: result: yes
configure:6924: checking for BSD- or MS-compatible name lister (nm)
configure:6978: result: /usr/bin/nm -B
configure:7108: checking the name lister (/usr/bin/nm -B) interface
configure:7115: gcc -c -g -O2  conftest.c >&5
configure:7118: /usr/bin/nm -B "conftest.o"
configure:7121: output
0000000000000000 B some_variable
configure:7128: result: BSD nm
configure:7131: checking whether ln -s works
configure:7135: result: yes
configure:7143: checking the maximum length of command line arguments
configure:7274: result: 1572864
configure:7322: checking how to convert x86_64-unknown-linux-gnu file names to x86_64-unknown-linux-gnu format
configure:7362: result: func_convert_file_noop
configure:7369: checking how to convert x86_64-unknown-linux-gnu file names to toolchain format
configure:7389: result: func_convert_file_noop
configure:7396: checking for /usr/bin/ld option to reload object files
configure:7403: result: -r
configure:7477: checking for objdump
configure:7493: found /usr/bin/objdump
configure:7504: result: objdump
configure:7536: checking how to recognize dependent libraries
configure:7736: result: pass_all
configure:7821: checking for dlltool
configure:7851: result: no
configure:7881: checking how to associate runtime and link libraries
configure:7908: result: printf %s\n
configure:7969: checking for ar
configure:7985: found /usr/bin/ar
configure:7996: result: ar
configure:8033: checking for archiver @FILE support
configure:8050: gcc -c -g -O2  conftest.c >&5
configure:8050: $? = 0
configure:8053: ar cru libconftest.a @conftest.lst >&5
ar: `u' modifier ignored since `D' is the default (see `U')
configure:8056: $? = 0
configure:8061: ar cru libconftest.a @conftest.lst >&5
ar: `u' modifier ignored since `D' is the default (see `U')
ar: conftest.o: No such file or directory
configure:8064: $? = 1
configure:8076: result: @
configure:8134: checking for strip
configure:8150: found /usr/bin/strip
configure:8161: result: strip
configure:8233: checking for ranlib
configure:8249: found /usr/bin/ranlib
configure:8260: result: ranlib
configure:8362: checking command to parse /usr/bin/nm -B output from gcc object
configure:8515: gcc -c -g -O2  conftest.c >&5
configure:8518: $? = 0
configure:8522: /usr/bin/nm -B conftest.o \| sed -n -e 's/^.*[ ]\([ABCDGIRSTW][ABCDGIRSTW]*\)[ ][ ]*\([_A-Za-z][_A-Za-z0-9]*\)$/\1 \2 \2/p' | sed '/ __gnu_lto/d' \> conftest.nm
configure:8525: $? = 0
configure:8591: gcc -o conftest -g -O2   conftest.c conftstm.o >&5
configure:8594: $? = 0
configure:8632: result: ok
configure:8679: checking for sysroot
configure:8709: result: no
configure:8716: checking for a working dd
configure:8754: result: /bin/dd
configure:8758: checking how to truncate binary pipes
configure:8773: result: /bin/dd bs=4096 count=1
configure:8909: gcc -c -g -O2  conftest.c >&5
configure:8912: $? = 0
configure:9102: checking for mt
configure:9118: found /bin/mt
configure:9129: result: mt
configure:9152: checking if mt is a manifest tool
configure:9158: mt '-?'
configure:9166: result: no
configure:9843: checking how to run the C preprocessor
configure:9874: gcc -E  conftest.c
configure:9874: $? = 0
configure:9888: gcc -E  conftest.c
conftest.c:9:28: fatal error: ac_nonexistent.h: No such file or directory
compilation terminated.
configure:9888: $? = 1
configure: failed program was:
| /* confdefs.h */
| #define PACKAGE_NAME "unimrcp"
| #define PACKAGE_TARNAME "unimrcp"
| #define PACKAGE_VERSION "1.5.0"
| #define PACKAGE_STRING "unimrcp 1.5.0"
| #define PACKAGE_BUGREPORT ""
| #define PACKAGE_URL ""
| /* end confdefs.h.  */
| #include <ac_nonexistent.h>
configure:9913: result: gcc -E
configure:9933: gcc -E  conftest.c
configure:9933: $? = 0
configure:9947: gcc -E  conftest.c
conftest.c:9:28: fatal error: ac_nonexistent.h: No such file or directory
compilation terminated.
configure:9947: $? = 1
configure: failed program was:
| /* confdefs.h */
| #define PACKAGE_NAME "unimrcp"
| #define PACKAGE_TARNAME "unimrcp"
| #define PACKAGE_VERSION "1.5.0"
| #define PACKAGE_STRING "unimrcp 1.5.0"
| #define PACKAGE_BUGREPORT ""
| #define PACKAGE_URL ""
| /* end confdefs.h.  */
| #include <ac_nonexistent.h>
configure:9976: checking for ANSI C header files
configure:9996: gcc -c -g -O2  conftest.c >&5
configure:9996: $? = 0
configure:10069: gcc -o conftest -g -O2   conftest.c  >&5
configure:10069: $? = 0
configure:10069: ./conftest
configure:10069: $? = 0
configure:10080: result: yes
configure:10093: checking for sys/types.h
configure:10093: gcc -c -g -O2  conftest.c >&5
configure:10093: $? = 0
configure:10093: result: yes
configure:10093: checking for sys/stat.h
configure:10093: gcc -c -g -O2  conftest.c >&5
configure:10093: $? = 0
configure:10093: result: yes
configure:10093: checking for stdlib.h
configure:10093: gcc -c -g -O2  conftest.c >&5
configure:10093: $? = 0
configure:10093: result: yes
configure:10093: checking for string.h
configure:10093: gcc -c -g -O2  conftest.c >&5
configure:10093: $? = 0
configure:10093: result: yes
configure:10093: checking for memory.h
configure:10093: gcc -c -g -O2  conftest.c >&5
configure:10093: $? = 0
configure:10093: result: yes
configure:10093: checking for strings.h
configure:10093: gcc -c -g -O2  conftest.c >&5
configure:10093: $? = 0
configure:10093: result: yes
configure:10093: checking for inttypes.h
configure:10093: gcc -c -g -O2  conftest.c >&5
configure:10093: $? = 0
configure:10093: result: yes
configure:10093: checking for stdint.h
configure:10093: gcc -c -g -O2  conftest.c >&5
configure:10093: $? = 0
configure:10093: result: yes
configure:10093: checking for unistd.h
configure:10093: gcc -c -g -O2  conftest.c >&5
configure:10093: $? = 0
configure:10093: result: yes
configure:10107: checking for dlfcn.h
configure:10107: gcc -c -g -O2  conftest.c >&5
configure:10107: $? = 0
configure:10107: result: yes
configure:10374: checking for objdir
configure:10389: result: .libs
configure:10653: checking if gcc supports -fno-rtti -fno-exceptions
configure:10671: gcc -c -g -O2  -fno-rtti -fno-exceptions conftest.c >&5
cc1: warning: command line option '-fno-rtti' is valid for C++/ObjC++ but not for C
configure:10675: $? = 0
configure:10688: result: no
configure:11046: checking for gcc option to produce PIC
configure:11053: result: -fPIC -DPIC
configure:11061: checking if gcc PIC flag -fPIC -DPIC works
configure:11079: gcc -c -g -O2  -fPIC -DPIC -DPIC conftest.c >&5
configure:11083: $? = 0
configure:11096: result: yes
configure:11125: checking if gcc static flag -static works
configure:11153: result: yes
configure:11168: checking if gcc supports -c -o file.o
configure:11189: gcc -c -g -O2  -o out/conftest2.o conftest.c >&5
configure:11193: $? = 0
configure:11215: result: yes
configure:11223: checking if gcc supports -c -o file.o
configure:11270: result: yes
configure:11303: checking whether the gcc linker (/usr/bin/ld -m elf_x86_64) supports shared libraries
configure:12566: result: yes
configure:12603: checking whether -lc should be explicitly linked in
configure:12611: gcc -c -g -O2  conftest.c >&5
configure:12614: $? = 0
configure:12629: gcc -shared  -fPIC -DPIC conftest.o  -v -Wl,-soname -Wl,conftest -o conftest 2\>\&1 \| /bin/grep  -lc  \>/dev/null 2\>\&1
configure:12632: $? = 0
configure:12646: result: no
configure:12806: checking dynamic linker characteristics
configure:13387: gcc -o conftest -g -O2   -Wl,-rpath -Wl,/foo conftest.c  >&5
configure:13387: $? = 0
configure:13636: result: GNU/Linux ld.so
configure:13758: checking how to hardcode library paths into programs
configure:13783: result: immediate
configure:14331: checking whether stripping libraries is possible
configure:14336: result: yes
configure:14371: checking if libtool supports shared libraries
configure:14373: result: yes
configure:14376: checking whether to build shared libraries
configure:14401: result: yes
configure:14404: checking whether to build static libraries
configure:14408: result: yes
configure:14431: checking how to run the C++ preprocessor
configure:14458: g++ -E  conftest.cpp
configure:14458: $? = 0
configure:14472: g++ -E  conftest.cpp
conftest.cpp:21:28: fatal error: ac_nonexistent.h: No such file or directory
compilation terminated.
configure:14472: $? = 1
configure: failed program was:
| /* confdefs.h */
| #define PACKAGE_NAME "unimrcp"
| #define PACKAGE_TARNAME "unimrcp"
| #define PACKAGE_VERSION "1.5.0"
| #define PACKAGE_STRING "unimrcp 1.5.0"
| #define PACKAGE_BUGREPORT ""
| #define PACKAGE_URL ""
| #define STDC_HEADERS 1
| #define HAVE_SYS_TYPES_H 1
| #define HAVE_SYS_STAT_H 1
| #define HAVE_STDLIB_H 1
| #define HAVE_STRING_H 1
| #define HAVE_MEMORY_H 1
| #define HAVE_STRINGS_H 1
| #define HAVE_INTTYPES_H 1
| #define HAVE_STDINT_H 1
| #define HAVE_UNISTD_H 1
| #define HAVE_DLFCN_H 1
| #define LT_OBJDIR ".libs/"
| /* end confdefs.h.  */
| #include <ac_nonexistent.h>
configure:14497: result: g++ -E
configure:14517: g++ -E  conftest.cpp
configure:14517: $? = 0
configure:14531: g++ -E  conftest.cpp
conftest.cpp:21:28: fatal error: ac_nonexistent.h: No such file or directory
compilation terminated.
configure:14531: $? = 1
configure: failed program was:
| /* confdefs.h */
| #define PACKAGE_NAME "unimrcp"
| #define PACKAGE_TARNAME "unimrcp"
| #define PACKAGE_VERSION "1.5.0"
| #define PACKAGE_STRING "unimrcp 1.5.0"
| #define PACKAGE_BUGREPORT ""
| #define PACKAGE_URL ""
| #define STDC_HEADERS 1
| #define HAVE_SYS_TYPES_H 1
| #define HAVE_SYS_STAT_H 1
| #define HAVE_STDLIB_H 1
| #define HAVE_STRING_H 1
| #define HAVE_MEMORY_H 1
| #define HAVE_STRINGS_H 1
| #define HAVE_INTTYPES_H 1
| #define HAVE_STDINT_H 1
| #define HAVE_UNISTD_H 1
| #define HAVE_DLFCN_H 1
| #define LT_OBJDIR ".libs/"
| /* end confdefs.h.  */
| #include <ac_nonexistent.h>
configure:14693: checking for ld used by g++
configure:14760: result: /usr/bin/ld -m elf_x86_64
configure:14767: checking if the linker (/usr/bin/ld -m elf_x86_64) is GNU ld
configure:14782: result: yes
configure:14837: checking whether the g++ linker (/usr/bin/ld -m elf_x86_64) supports shared libraries
configure:15910: result: yes
configure:15946: g++ -c -g -O2  conftest.cpp >&5
configure:15949: $? = 0
configure:16430: checking for g++ option to produce PIC
configure:16437: result: -fPIC -DPIC
configure:16445: checking if g++ PIC flag -fPIC -DPIC works
configure:16463: g++ -c -g -O2  -fPIC -DPIC -DPIC conftest.cpp >&5
configure:16467: $? = 0
configure:16480: result: yes
configure:16503: checking if g++ static flag -static works
configure:16531: result: yes
configure:16543: checking if g++ supports -c -o file.o
configure:16564: g++ -c -g -O2  -o out/conftest2.o conftest.cpp >&5
configure:16568: $? = 0
configure:16590: result: yes
configure:16595: checking if g++ supports -c -o file.o
configure:16642: result: yes
configure:16672: checking whether the g++ linker (/usr/bin/ld -m elf_x86_64) supports shared libraries
configure:16715: result: yes
configure:16856: checking dynamic linker characteristics
configure:17613: result: GNU/Linux ld.so
configure:17678: checking how to hardcode library paths into programs
configure:17703: result: immediate
configure:17768: checking for C compiler vendor
configure:17812: gcc -c -g -O2  conftest.c >&5
conftest.c: In function 'main':
conftest.c:8:9: error: 'thisisanerror' undeclared (first use in this function)
         thisisanerror;
         ^
conftest.c:8:9: note: each undeclared identifier is reported only once for each function it appears in
configure:17812: $? = 1
configure: failed program was:
| /* end confdefs.h.  */
| 
| int
| main ()
| {
| 
|       #if !(defined(__ICC) || defined(__ECC) || defined(__INTEL_COMPILER))
|         thisisanerror;
|       #endif
| 
|   ;
|   return 0;
| }
configure:17812: gcc -c -g -O2  conftest.c >&5
conftest.c: In function 'main':
conftest.c:8:9: error: 'thisisanerror' undeclared (first use in this function)
         thisisanerror;
         ^
conftest.c:8:9: note: each undeclared identifier is reported only once for each function it appears in
configure:17812: $? = 1
configure: failed program was:
| /* end confdefs.h.  */
| 
| int
| main ()
| {
| 
|       #if !(defined(__xlc__) || defined(__xlC__) || defined(__IBMC__) || defined(__IBMCPP__))
|         thisisanerror;
|       #endif
| 
|   ;
|   return 0;
| }
configure:17812: gcc -c -g -O2  conftest.c >&5
conftest.c: In function 'main':
conftest.c:8:9: error: 'thisisanerror' undeclared (first use in this function)
         thisisanerror;
         ^
conftest.c:8:9: note: each undeclared identifier is reported only once for each function it appears in
configure:17812: $? = 1
configure: failed program was:
| /* end confdefs.h.  */
| 
| int
| main ()
| {
| 
|       #if !(defined(__PATHCC__) || defined(__PATHSCALE__))
|         thisisanerror;
|       #endif
| 
|   ;
|   return 0;
| }
configure:17812: gcc -c -g -O2  conftest.c >&5
conftest.c: In function 'main':
conftest.c:8:9: error: 'thisisanerror' undeclared (first use in this function)
         thisisanerror;
         ^
conftest.c:8:9: note: each undeclared identifier is reported only once for each function it appears in
configure:17812: $? = 1
configure: failed program was:
| /* end confdefs.h.  */
| 
| int
| main ()
| {
| 
|       #if !(defined(__clang__))
|         thisisanerror;
|       #endif
| 
|   ;
|   return 0;
| }
configure:17812: gcc -c -g -O2  conftest.c >&5
configure:17812: $? = 0
configure:17820: result: gnu
configure:17826: checking for pkg-config
configure:17844: found /usr/bin/pkg-config
configure:17857: result: /usr/bin/pkg-config
configure:17883: Apache Portable Runtime (APR) library configuration
configure:17911: checking for APR
configure:17987: result: yes
configure:18008: result: 1.5.2
configure:18118: Apache Portable Runtime Utility (APU) library configuration
configure:18146: checking for APR-util
configure:18222: result: yes
configure:18243: result: 1.5.4
configure:18315: Sofia SIP library configuration
configure:18318: checking for Sofia-SIP
configure:18374: result: yes
configure:18376: result: 1.12.11-234-gd74df2e
configure:18398: enable inter-library dependencies: yes
configure:18416: enable maintainer mode: no
configure:18864: checking that generated files are newer than configure
configure:18870: result: done
configure:18957: creating ./config.status

## ---------------------- ##
## Running config.status. ##
## ---------------------- ##

This file was extended by unimrcp config.status 1.5.0, which was
generated by GNU Autoconf 2.69.  Invocation command line was

  CONFIG_FILES    = 
  CONFIG_HEADERS  = 
  CONFIG_LINKS    = 
  CONFIG_COMMANDS = 
  $ ./config.status 

on host-00-14.wgq.higgs.com

config.status:1152: creating Makefile
config.status:1152: creating libs/Makefile
config.status:1152: creating libs/apr-toolkit/Makefile
config.status:1152: creating libs/mpf/Makefile
config.status:1152: creating libs/mrcp/Makefile
config.status:1152: creating libs/mrcp-signaling/Makefile
config.status:1152: creating libs/mrcpv2-transport/Makefile
config.status:1152: creating libs/mrcp-engine/Makefile
config.status:1152: creating libs/mrcp-server/Makefile
config.status:1152: creating libs/mrcp-client/Makefile
config.status:1152: creating libs/uni-rtsp/Makefile
config.status:1152: creating modules/Makefile
config.status:1152: creating modules/mrcp-sofiasip/Makefile
config.status:1152: creating modules/mrcp-unirtsp/Makefile
config.status:1152: creating plugins/Makefile
config.status:1152: creating plugins/mrcp-recorder/Makefile
config.status:1152: creating plugins/demo-synth/Makefile
config.status:1152: creating plugins/xfyun-synth/Makefile
config.status:1152: creating plugins/demo-recog/Makefile
config.status:1152: creating plugins/xfyun-recog/Makefile
config.status:1152: creating plugins/demo-verifier/Makefile
config.status:1152: creating platforms/Makefile
config.status:1152: creating platforms/libunimrcp-server/Makefile
config.status:1152: creating platforms/libunimrcp-client/Makefile
config.status:1152: creating platforms/unimrcp-server/Makefile
config.status:1152: creating platforms/unimrcp-client/Makefile
config.status:1152: creating platforms/libasr-client/Makefile
config.status:1152: creating platforms/asr-client/Makefile
config.status:1152: creating platforms/umc/Makefile
config.status:1152: creating tests/Makefile
config.status:1152: creating tests/apttest/Makefile
config.status:1152: creating tests/mpftest/Makefile
config.status:1152: creating tests/mrcptest/Makefile
config.status:1152: creating tests/rtsptest/Makefile
config.status:1152: creating tests/strtablegen/Makefile
config.status:1152: creating build/Makefile
config.status:1152: creating build/pkgconfig/Makefile
config.status:1152: creating build/pkgconfig/unimrcpclient.pc
config.status:1152: creating build/pkgconfig/unimrcpserver.pc
config.status:1152: creating build/pkgconfig/unimrcpplugin.pc
config.status:1152: creating conf/Makefile
config.status:1152: creating data/Makefile
config.status:1152: creating docs/doxygen.conf
config.status:1324: executing depfiles commands
config.status:1324: executing libtool commands

## ---------------- ##
## Cache variables. ##
## ---------------- ##

ac_cv_build=x86_64-unknown-linux-gnu
ac_cv_c_compiler_gnu=yes
ac_cv_cxx_compiler_gnu=yes
ac_cv_env_CCC_set=
ac_cv_env_CCC_value=
ac_cv_env_CC_set=
ac_cv_env_CC_value=
ac_cv_env_CFLAGS_set=
ac_cv_env_CFLAGS_value=
ac_cv_env_CPPFLAGS_set=
ac_cv_env_CPPFLAGS_value=
ac_cv_env_CPP_set=
ac_cv_env_CPP_value=
ac_cv_env_CXXCPP_set=
ac_cv_env_CXXCPP_value=
ac_cv_env_CXXFLAGS_set=
ac_cv_env_CXXFLAGS_value=
ac_cv_env_CXX_set=
ac_cv_env_CXX_value=
ac_cv_env_LDFLAGS_set=
ac_cv_env_LDFLAGS_value=
ac_cv_env_LIBS_set=
ac_cv_env_LIBS_value=
ac_cv_env_LT_SYS_LIBRARY_PATH_set=
ac_cv_env_LT_SYS_LIBRARY_PATH_value=
ac_cv_env_build_alias_set=
ac_cv_env_build_alias_value=
ac_cv_env_host_alias_set=
ac_cv_env_host_alias_value=
ac_cv_env_target_alias_set=
ac_cv_env_target_alias_value=
ac_cv_header_dlfcn_h=yes
ac_cv_header_inttypes_h=yes
ac_cv_header_memory_h=yes
ac_cv_header_stdc=yes
ac_cv_header_stdint_h=yes
ac_cv_header_stdlib_h=yes
ac_cv_header_string_h=yes
ac_cv_header_strings_h=yes
ac_cv_header_sys_stat_h=yes
ac_cv_header_sys_types_h=yes
ac_cv_header_unistd_h=yes
ac_cv_host=x86_64-unknown-linux-gnu
ac_cv_objext=o
ac_cv_path_EGREP='/bin/grep -E'
ac_cv_path_FGREP='/bin/grep -F'
ac_cv_path_GREP=/bin/grep
ac_cv_path_PKG_CONFIG=/usr/bin/pkg-config
ac_cv_path_SED=/bin/sed
ac_cv_path_install='/usr/bin/install -c'
ac_cv_path_lt_DD=/bin/dd
ac_cv_path_mkdir=/bin/mkdir
ac_cv_prog_AWK=gawk
ac_cv_prog_CPP='gcc -E'
ac_cv_prog_CXXCPP='g++ -E'
ac_cv_prog_ac_ct_AR=ar
ac_cv_prog_ac_ct_CC=gcc
ac_cv_prog_ac_ct_CXX=g++
ac_cv_prog_ac_ct_MANIFEST_TOOL=mt
ac_cv_prog_ac_ct_OBJDUMP=objdump
ac_cv_prog_ac_ct_RANLIB=ranlib
ac_cv_prog_ac_ct_STRIP=strip
ac_cv_prog_cc_c89=
ac_cv_prog_cc_g=yes
ac_cv_prog_cxx_g=yes
ac_cv_prog_make_make_set=yes
am_cv_CC_dependencies_compiler_type=gcc3
am_cv_CXX_dependencies_compiler_type=gcc3
am_cv_make_support_nested_variables=yes
am_cv_prog_cc_c_o=yes
ax_cv_c_compiler_vendor=gnu
lt_cv_ar_at_file=@
lt_cv_archive_cmds_need_lc=no
lt_cv_deplibs_check_method=pass_all
lt_cv_file_magic_cmd='$MAGIC_CMD'
lt_cv_file_magic_test_file=
lt_cv_ld_reload_flag=-r
lt_cv_nm_interface='BSD nm'
lt_cv_objdir=.libs
lt_cv_path_LD=/usr/bin/ld
lt_cv_path_LDCXX='/usr/bin/ld -m elf_x86_64'
lt_cv_path_NM='/usr/bin/nm -B'
lt_cv_path_mainfest_tool=no
lt_cv_prog_compiler_c_o=yes
lt_cv_prog_compiler_c_o_CXX=yes
lt_cv_prog_compiler_pic='-fPIC -DPIC'
lt_cv_prog_compiler_pic_CXX='-fPIC -DPIC'
lt_cv_prog_compiler_pic_works=yes
lt_cv_prog_compiler_pic_works_CXX=yes
lt_cv_prog_compiler_rtti_exceptions=no
lt_cv_prog_compiler_static_works=yes
lt_cv_prog_compiler_static_works_CXX=yes
lt_cv_prog_gnu_ld=yes
lt_cv_prog_gnu_ldcxx=yes
lt_cv_sharedlib_from_linklib_cmd='printf %s\n'
lt_cv_shlibpath_overrides_runpath=no
lt_cv_sys_global_symbol_pipe='sed -n -e '\''s/^.*[	 ]\([ABCDGIRSTW][ABCDGIRSTW]*\)[	 ][	 ]*\([_A-Za-z][_A-Za-z0-9]*\)$/\1 \2 \2/p'\'' | sed '\''/ __gnu_lto/d'\'''
lt_cv_sys_global_symbol_to_c_name_address='sed -n -e '\''s/^: \(.*\) .*$/  {"\1", (void *) 0},/p'\'' -e '\''s/^[ABCDGIRSTW][ABCDGIRSTW]* .* \(.*\)$/  {"\1", (void *) \&\1},/p'\'''
lt_cv_sys_global_symbol_to_c_name_address_lib_prefix='sed -n -e '\''s/^: \(.*\) .*$/  {"\1", (void *) 0},/p'\'' -e '\''s/^[ABCDGIRSTW][ABCDGIRSTW]* .* \(lib.*\)$/  {"\1", (void *) \&\1},/p'\'' -e '\''s/^[ABCDGIRSTW][ABCDGIRSTW]* .* \(.*\)$/  {"lib\1", (void *) \&\1},/p'\'''
lt_cv_sys_global_symbol_to_cdecl='sed -n -e '\''s/^T .* \(.*\)$/extern int \1();/p'\'' -e '\''s/^[ABCDGIRSTW][ABCDGIRSTW]* .* \(.*\)$/extern char \1;/p'\'''
lt_cv_sys_global_symbol_to_import=
lt_cv_sys_max_cmd_len=1572864
lt_cv_to_host_file_cmd=func_convert_file_noop
lt_cv_to_tool_file_cmd=func_convert_file_noop
lt_cv_truncate_bin='/bin/dd bs=4096 count=1'

## ----------------- ##
## Output variables. ##
## ----------------- ##

ACLOCAL='${SHELL} /opt/idmg/unimrcp/MRCP-Plugin-Demo/unimrcp-1.5.0/build/missing aclocal-1.15'
AMDEPBACKSLASH='\'
AMDEP_FALSE='#'
AMDEP_TRUE=''
AMTAR='$${TAR-tar}'
AM_BACKSLASH='\'
AM_DEFAULT_V='$(AM_DEFAULT_VERBOSITY)'
AM_DEFAULT_VERBOSITY='0'
AM_V='$(V)'
AR='ar'
ASR_CLIENT_FALSE='#'
ASR_CLIENT_TRUE=''
AUTOCONF='${SHELL} /opt/idmg/unimrcp/MRCP-Plugin-Demo/unimrcp-1.5.0/build/missing autoconf'
AUTOHEADER='${SHELL} /opt/idmg/unimrcp/MRCP-Plugin-Demo/unimrcp-1.5.0/build/missing autoheader'
AUTOMAKE='${SHELL} /opt/idmg/unimrcp/MRCP-Plugin-Demo/unimrcp-1.5.0/build/missing automake-1.15'
AWK='gawk'
CC='gcc'
CCDEPMODE='depmode=gcc3'
CFLAGS='-g -O2 -pthread'
COMMON_CLIENT_DATA_FALSE='#'
COMMON_CLIENT_DATA_TRUE=''
CPP='gcc -E'
CPPFLAGS=' -DLINUX -D_REENTRANT -D_GNU_SOURCE'
CXX='g++'
CXXCPP='g++ -E'
CXXDEPMODE='depmode=gcc3'
CXXFLAGS='-g -O2'
CYGPATH_W='echo'
DEFS=''
DEMORECOG_PLUGIN_FALSE='#'
DEMORECOG_PLUGIN_TRUE=''
DEMOSYNTH_PLUGIN_FALSE='#'
DEMOSYNTH_PLUGIN_TRUE=''
DEMOVERIFIER_PLUGIN_FALSE='#'
DEMOVERIFIER_PLUGIN_TRUE=''
DEPDIR='.deps'
DLLTOOL='false'
DSYMUTIL=''
DUMPBIN=''
ECHO_C=''
ECHO_N='-n'
ECHO_T=''
EGREP='/bin/grep -E'
EXEEXT=''
FGREP='/bin/grep -F'
GREP='/bin/grep'
INSTALL_DATA='${INSTALL} -m 644'
INSTALL_PROGRAM='${INSTALL}'
INSTALL_SCRIPT='${INSTALL}'
INSTALL_STRIP_PROGRAM='$(install_sh) -c -s'
ISMAC_FALSE=''
ISMAC_TRUE='#'
LD='/usr/bin/ld -m elf_x86_64'
LDFLAGS=' '
LIBOBJS=''
LIBS=''
LIBTOOL='$(SHELL) $(top_builddir)/libtool'
LIPO=''
LN_S='ln -s'
LTLIBOBJS=''
LT_SYS_LIBRARY_PATH=''
MAKEINFO='${SHELL} /opt/idmg/unimrcp/MRCP-Plugin-Demo/unimrcp-1.5.0/build/missing makeinfo'
MANIFEST_TOOL=':'
MKDIR_P='/bin/mkdir -p'
NM='/usr/bin/nm -B'
NMEDIT=''
OBJDUMP='objdump'
OBJEXT='o'
OTOOL64=''
OTOOL=''
PACKAGE='unimrcp'
PACKAGE_BUGREPORT=''
PACKAGE_NAME='unimrcp'
PACKAGE_STRING='unimrcp 1.5.0'
PACKAGE_TARNAME='unimrcp'
PACKAGE_URL=''
PACKAGE_VERSION='1.5.0'
PATH_SEPARATOR=':'
PKG_CONFIG='/usr/bin/pkg-config'
PLUGIN_LT_VERSION='-version-info 5:0:5'
RANLIB='ranlib'
RECORDER_PLUGIN_FALSE='#'
RECORDER_PLUGIN_TRUE=''
SED='/bin/sed'
SET_MAKE=''
SHELL='/bin/bash'
STRIP='strip'
TEST_SUITES_FALSE=''
TEST_SUITES_TRUE='#'
UMC_FALSE='#'
UMC_TRUE=''
UNIMRCP_APR_INCLUDES=' -I/usr/local/apr/include/apr-1 '
UNIMRCP_APR_LIBS=' -L/usr/local/apr/lib -lapr-1 -laprutil-1'
UNIMRCP_CLIENT_APP_FALSE='#'
UNIMRCP_CLIENT_APP_TRUE=''
UNIMRCP_CLIENT_LIB_FALSE='#'
UNIMRCP_CLIENT_LIB_TRUE=''
UNIMRCP_SERVER_APP_FALSE='#'
UNIMRCP_SERVER_APP_TRUE=''
UNIMRCP_SERVER_LIB_FALSE='#'
UNIMRCP_SERVER_LIB_TRUE=''
UNIMRCP_SOFIA_INCLUDES='-I/usr/local/include/sofia-sip-1.12'
UNIMRCP_SOFIA_LIBS='-L/usr/local/lib -lsofia-sip-ua'
UNI_DOTTED_VERSION='1.5.0'
UNI_LT_VERSION='-version-info 5:0:5'
VERSION='1.5.0'
XFYUNRECOG_PLUGIN_FALSE='#'
XFYUNRECOG_PLUGIN_TRUE=''
XFYUNSYNTH_PLUGIN_FALSE='#'
XFYUNSYNTH_PLUGIN_TRUE=''
ac_aux_dir='build'
ac_ct_AR='ar'
ac_ct_CC='gcc'
ac_ct_CXX='g++'
ac_ct_DUMPBIN=''
ac_macro_dir='build/acmacros'
am__EXEEXT_FALSE=''
am__EXEEXT_TRUE='#'
am__fastdepCC_FALSE='#'
am__fastdepCC_TRUE=''
am__fastdepCXX_FALSE='#'
am__fastdepCXX_TRUE=''
am__include='include'
am__isrc=''
am__leading_dot='.'
am__nodep='_no'
am__quote=''
am__tar='$${TAR-tar} chof - "$$tardir"'
am__untar='$${TAR-tar} xf -'
bindir='${exec_prefix}/bin'
build='x86_64-unknown-linux-gnu'
build_alias=''
build_cpu='x86_64'
build_os='linux-gnu'
build_vendor='unknown'
datadir='${prefix}/data'
datarootdir='${prefix}/share'
docdir='${datarootdir}/doc/${PACKAGE_TARNAME}'
dvidir='${docdir}'
exec_prefix='${prefix}'
host='x86_64-unknown-linux-gnu'
host_alias=''
host_cpu='x86_64'
host_os='linux-gnu'
host_vendor='unknown'
htmldir='${docdir}'
includedir='${prefix}/include'
infodir='${datarootdir}/info'
install_sh='${SHELL} /opt/idmg/unimrcp/MRCP-Plugin-Demo/unimrcp-1.5.0/build/install-sh'
libdir='${exec_prefix}/lib'
libexecdir='${exec_prefix}/modules'
localedir='${datarootdir}/locale'
localstatedir='${prefix}'
logdir='${exec_prefix}/log'
mandir='${prefix}/man'
mkdir_p='$(MKDIR_P)'
oldincludedir='/usr/include'
pdfdir='${docdir}'
plugindir='${exec_prefix}/plugin'
prefix='/usr/local/unimrcp'
program_transform_name='s,x,x,'
psdir='${docdir}'
runstatedir='${localstatedir}/run'
sbindir='${exec_prefix}/bin'
sharedstatedir='${prefix}/com'
sysconfdir='${prefix}/conf'
target_alias=''
vardir='${exec_prefix}/var'

configure: exit 0
